[debug] [2025-06-14T11:15:40.320Z] ----------------------------------------------------------------------
[debug] [2025-06-14T11:15:40.323Z] Command:       C:\Program Files\nodejs\node.exe C:\Users\Windows\AppData\Local\Yarn\Data\global\node_modules\firebase-tools\lib\bin\firebase.js emulators:start --only functions
[debug] [2025-06-14T11:15:40.324Z] CLI Version:   14.6.0
[debug] [2025-06-14T11:15:40.324Z] Platform:      win32
[debug] [2025-06-14T11:15:40.324Z] Node Version:  v22.15.1
[debug] [2025-06-14T11:15:40.324Z] Time:          Sat Jun 14 2025 16:15:40 GMT+0500 (Pakistan Standard Time)
[debug] [2025-06-14T11:15:40.324Z] ----------------------------------------------------------------------
[debug] 
[debug] [2025-06-14T11:15:40.617Z] > command requires scopes: ["email","openid","https://www.googleapis.com/auth/cloudplatformprojects.readonly","https://www.googleapis.com/auth/firebase","https://www.googleapis.com/auth/cloud-platform"]
[debug] [2025-06-14T11:15:40.618Z] > authorizing via signed-in user (sanaullahkhan14143@gmail.com)
[info] i  emulators: Starting emulators: functions {"metadata":{"emulator":{"name":"hub"},"message":"Starting emulators: functions"}}
[debug] [2025-06-14T11:15:40.629Z] [logging] Logging Emulator only supports listening on one address (127.0.0.1). Not listening on ::1
[debug] [2025-06-14T11:15:40.630Z] assigned listening specs for emulators {"user":{"hub":[{"address":"127.0.0.1","family":"IPv4","port":4400},{"address":"::1","family":"IPv6","port":4400}],"ui":[{"address":"127.0.0.1","family":"IPv4","port":4000},{"address":"::1","family":"IPv6","port":4000}],"logging":[{"address":"127.0.0.1","family":"IPv4","port":4500}]},"metadata":{"message":"assigned listening specs for emulators"}}
[debug] [2025-06-14T11:15:40.637Z] [hub] writing locator at C:\Users\Windows\AppData\Local\Temp\hub-ai-weather-app-f69fc.json
[debug] [2025-06-14T11:15:40.656Z] [functions] Functions Emulator only supports listening on one address (127.0.0.1). Not listening on ::1
[debug] [2025-06-14T11:15:40.657Z] [eventarc] Eventarc Emulator only supports listening on one address (127.0.0.1). Not listening on ::1
[debug] [2025-06-14T11:15:40.657Z] [tasks] Cloud Tasks Emulator only supports listening on one address (127.0.0.1). Not listening on ::1
[debug] [2025-06-14T11:15:40.657Z] late-assigned ports for functions and eventarc emulators {"user":{"hub":[{"address":"127.0.0.1","family":"IPv4","port":4400},{"address":"::1","family":"IPv6","port":4400}],"ui":[{"address":"127.0.0.1","family":"IPv4","port":4000},{"address":"::1","family":"IPv6","port":4000}],"logging":[{"address":"127.0.0.1","family":"IPv4","port":4500}],"functions":[{"address":"127.0.0.1","family":"IPv4","port":5001}],"eventarc":[{"address":"127.0.0.1","family":"IPv4","port":9299}],"tasks":[{"address":"127.0.0.1","family":"IPv4","port":9499}]},"metadata":{"message":"late-assigned ports for functions and eventarc emulators"}}
[warn] !  functions: The following emulators are not running, calls to these services from the Functions emulator will affect production: apphosting, auth, firestore, database, hosting, pubsub, storage, dataconnect {"metadata":{"emulator":{"name":"functions"},"message":"The following emulators are not running, calls to these services from the Functions emulator will affect production: \u001b[1mapphosting, auth, firestore, database, hosting, pubsub, storage, dataconnect\u001b[22m"}}
[debug] [2025-06-14T11:15:40.676Z] defaultcredentials: writing to file C:\Users\Windows\AppData\Roaming\firebase\sanaullahkhan14143_gmail_com_application_default_credentials.json
[debug] [2025-06-14T11:15:40.678Z] Setting GAC to C:\Users\Windows\AppData\Roaming\firebase\sanaullahkhan14143_gmail_com_application_default_credentials.json {"metadata":{"emulator":{"name":"functions"},"message":"Setting GAC to C:\\Users\\Windows\\AppData\\Roaming\\firebase\\sanaullahkhan14143_gmail_com_application_default_credentials.json"}}
[debug] [2025-06-14T11:15:40.680Z] Checked if tokens are valid: true, expires at: 1749902846783
[debug] [2025-06-14T11:15:40.680Z] Checked if tokens are valid: true, expires at: 1749902846783
[debug] [2025-06-14T11:15:40.681Z] >>> [apiv2][query] GET https://firebase.googleapis.com/v1beta1/projects/ai-weather-app-f69fc/adminSdkConfig [none]
[debug] [2025-06-14T11:15:41.433Z] <<< [apiv2][status] GET https://firebase.googleapis.com/v1beta1/projects/ai-weather-app-f69fc/adminSdkConfig 200
[debug] [2025-06-14T11:15:41.433Z] <<< [apiv2][body] GET https://firebase.googleapis.com/v1beta1/projects/ai-weather-app-f69fc/adminSdkConfig {"projectId":"ai-weather-app-f69fc","storageBucket":"ai-weather-app-f69fc.firebasestorage.app"}
[info] i  functions: Watching "C:\Users\Windows\Desktop\Backup\BackupWeatherApp\functions" for Cloud Functions... {"metadata":{"emulator":{"name":"functions"},"message":"Watching \"C:\\Users\\Windows\\Desktop\\Backup\\BackupWeatherApp\\functions\" for Cloud Functions..."}}
[debug] [2025-06-14T11:15:41.480Z] Validating nodejs source
[debug] [2025-06-14T11:15:42.591Z] > [functions] package.json contents: {
  "name": "functions",
  "description": "Cloud Functions for Firebase",
  "scripts": {
    "serve": "firebase emulators:start --only functions",
    "shell": "firebase functions:shell",
    "start": "npm run shell",
    "deploy": "firebase deploy --only functions",
    "logs": "firebase functions:log"
  },
  "engines": {
    "node": "22"
  },
  "main": "index.js",
  "dependencies": {
    "axios": "^1.9.0",
    "firebase-admin": "^12.6.0",
    "firebase-functions": "^6.0.1"
  },
  "devDependencies": {
    "firebase-functions-test": "^3.1.0"
  },
  "private": true
}
[debug] [2025-06-14T11:15:42.591Z] Building nodejs source
[debug] [2025-06-14T11:15:42.591Z] Failed to find version of module node: reached end of search path C:\Users\Windows\Desktop\Backup\BackupWeatherApp\functions\node_modules
[info] +  functions: Using node@22 from host. 
[debug] [2025-06-14T11:15:42.593Z] Could not find functions.yaml. Must use http discovery
[debug] [2025-06-14T11:15:42.599Z] Found firebase-functions binary at 'C:\Users\Windows\Desktop\Backup\BackupWeatherApp\functions\node_modules\.bin\firebase-functions'
[info] Serving at port 8788

[debug] [2025-06-14T11:15:43.351Z] Got response from /__/functions.yaml {"endpoints":{"helloWorld":{"availableMemoryMb":null,"timeoutSeconds":null,"minInstances":null,"maxInstances":null,"ingressSettings":null,"concurrency":null,"serviceAccountEmail":null,"vpc":null,"platform":"gcfv2","labels":{},"httpsTrigger":{},"entryPoint":"helloWorld"},"getGeminiData":{"availableMemoryMb":null,"timeoutSeconds":null,"minInstances":null,"maxInstances":null,"ingressSettings":null,"concurrency":null,"serviceAccountEmail":null,"vpc":null,"platform":"gcfv2","labels":{},"httpsTrigger":{},"entryPoint":"getGeminiData"}},"specVersion":"v1alpha1","requiredAPIs":[],"extensions":{}}
[info] +  functions: Loaded functions definitions from source: helloWorld, getGeminiData. {"metadata":{"emulator":{"name":"functions"},"message":"Loaded functions definitions from source: helloWorld, getGeminiData."}}
[info] +  functions[us-central1-helloWorld]: http function initialized (http://127.0.0.1:5001/ai-weather-app-f69fc/us-central1/helloWorld). {"metadata":{"emulator":{"name":"functions"},"message":"\u001b[1mhttp\u001b[22m function initialized (http://127.0.0.1:5001/ai-weather-app-f69fc/us-central1/helloWorld)."}}
[info] +  functions[us-central1-getGeminiData]: http function initialized (http://127.0.0.1:5001/ai-weather-app-f69fc/us-central1/getGeminiData). {"metadata":{"emulator":{"name":"functions"},"message":"\u001b[1mhttp\u001b[22m function initialized (http://127.0.0.1:5001/ai-weather-app-f69fc/us-central1/getGeminiData)."}}
[debug] [2025-06-14T11:15:47.401Z] Could not find VSCode notification endpoint: FetchError: request to http://localhost:40001/vscode/notify failed, reason: . If you are not running the Firebase Data Connect VSCode extension, this is expected and not an issue.
[info] 
┌─────────────────────────────────────────────────────────────┐
│ ✔  All emulators ready! It is now safe to connect your app. │
│ i  View Emulator UI at http://127.0.0.1:4000/               │
└─────────────────────────────────────────────────────────────┘

┌───────────┬────────────────┬─────────────────────────────────┐
│ Emulator  │ Host:Port      │ View in Emulator UI             │
├───────────┼────────────────┼─────────────────────────────────┤
│ Functions │ 127.0.0.1:5001 │ http://127.0.0.1:4000/functions │
└───────────┴────────────────┴─────────────────────────────────┘
  Emulator Hub host: 127.0.0.1 port: 4400
  Other reserved ports: 4500

Issues? Report them at https://github.com/firebase/firebase-tools/issues and attach the *-debug.log files.
 
[debug] [2025-06-14T11:21:25.131Z] File C:\Users\Windows\Desktop\Backup\BackupWeatherApp\functions\index.js changed, reloading triggers {"metadata":{"emulator":{"name":"functions"},"message":"File C:\\Users\\Windows\\Desktop\\Backup\\BackupWeatherApp\\functions\\index.js changed, reloading triggers"}}
[debug] [2025-06-14T11:21:26.136Z] Validating nodejs source
[debug] [2025-06-14T11:21:27.113Z] > [functions] package.json contents: {
  "name": "functions",
  "description": "Cloud Functions for Firebase",
  "scripts": {
    "serve": "firebase emulators:start --only functions",
    "shell": "firebase functions:shell",
    "start": "npm run shell",
    "deploy": "firebase deploy --only functions",
    "logs": "firebase functions:log"
  },
  "engines": {
    "node": "22"
  },
  "main": "index.js",
  "dependencies": {
    "axios": "^1.9.0",
    "firebase-admin": "^12.6.0",
    "firebase-functions": "^6.0.1"
  },
  "devDependencies": {
    "firebase-functions-test": "^3.1.0"
  },
  "private": true
}
[debug] [2025-06-14T11:21:27.113Z] Building nodejs source
[debug] [2025-06-14T11:21:27.113Z] Failed to find version of module node: reached end of search path C:\Users\Windows\Desktop\Backup\BackupWeatherApp\functions\node_modules
[info] +  functions: Using node@22 from host. 
[debug] [2025-06-14T11:21:27.114Z] Could not find functions.yaml. Must use http discovery
[debug] [2025-06-14T11:21:27.120Z] Found firebase-functions binary at 'C:\Users\Windows\Desktop\Backup\BackupWeatherApp\functions\node_modules\.bin\firebase-functions'
[info] Serving at port 8226

[debug] [2025-06-14T11:21:27.887Z] Got response from /__/functions.yaml {"endpoints":{"helloWorld":{"availableMemoryMb":null,"timeoutSeconds":null,"minInstances":null,"maxInstances":null,"ingressSettings":null,"concurrency":null,"serviceAccountEmail":null,"vpc":null,"platform":"gcfv2","labels":{},"httpsTrigger":{},"entryPoint":"helloWorld"},"getGeminiData":{"availableMemoryMb":null,"timeoutSeconds":null,"minInstances":null,"maxInstances":null,"ingressSettings":null,"concurrency":null,"serviceAccountEmail":null,"vpc":null,"platform":"gcfv2","labels":{},"httpsTrigger":{},"entryPoint":"getGeminiData"},"generateResponse":{"availableMemoryMb":null,"timeoutSeconds":null,"minInstances":null,"maxInstances":null,"ingressSettings":null,"concurrency":null,"serviceAccountEmail":null,"vpc":null,"platform":"gcfv2","labels":{},"httpsTrigger":{},"entryPoint":"generateResponse"}},"specVersion":"v1alpha1","requiredAPIs":[],"extensions":{}}
[info] +  functions: Loaded functions definitions from source: helloWorld, getGeminiData, generateResponse. {"metadata":{"emulator":{"name":"functions"},"message":"Loaded functions definitions from source: helloWorld, getGeminiData, generateResponse."}}
[info] +  functions[us-central1-generateResponse]: http function initialized (http://127.0.0.1:5001/ai-weather-app-f69fc/us-central1/generateResponse). {"metadata":{"emulator":{"name":"functions"},"message":"\u001b[1mhttp\u001b[22m function initialized (http://127.0.0.1:5001/ai-weather-app-f69fc/us-central1/generateResponse)."}}
[debug] [2025-06-14T11:21:48.170Z] File C:\Users\Windows\Desktop\Backup\BackupWeatherApp\functions\index.js changed, reloading triggers {"metadata":{"emulator":{"name":"functions"},"message":"File C:\\Users\\Windows\\Desktop\\Backup\\BackupWeatherApp\\functions\\index.js changed, reloading triggers"}}
[debug] [2025-06-14T11:21:49.185Z] Validating nodejs source
[debug] [2025-06-14T11:21:50.005Z] > [functions] package.json contents: {
  "name": "functions",
  "description": "Cloud Functions for Firebase",
  "scripts": {
    "serve": "firebase emulators:start --only functions",
    "shell": "firebase functions:shell",
    "start": "npm run shell",
    "deploy": "firebase deploy --only functions",
    "logs": "firebase functions:log"
  },
  "engines": {
    "node": "22"
  },
  "main": "index.js",
  "dependencies": {
    "axios": "^1.9.0",
    "firebase-admin": "^12.6.0",
    "firebase-functions": "^6.0.1"
  },
  "devDependencies": {
    "firebase-functions-test": "^3.1.0"
  },
  "private": true
}
[debug] [2025-06-14T11:21:50.006Z] Building nodejs source
[debug] [2025-06-14T11:21:50.006Z] Failed to find version of module node: reached end of search path C:\Users\Windows\Desktop\Backup\BackupWeatherApp\functions\node_modules
[info] +  functions: Using node@22 from host. 
[debug] [2025-06-14T11:21:50.007Z] Could not find functions.yaml. Must use http discovery
[debug] [2025-06-14T11:21:50.012Z] Found firebase-functions binary at 'C:\Users\Windows\Desktop\Backup\BackupWeatherApp\functions\node_modules\.bin\firebase-functions'
[info] Serving at port 8774

[debug] [2025-06-14T11:21:50.752Z] Got response from /__/functions.yaml {"endpoints":{"helloWorld":{"availableMemoryMb":null,"timeoutSeconds":null,"minInstances":null,"maxInstances":null,"ingressSettings":null,"concurrency":null,"serviceAccountEmail":null,"vpc":null,"platform":"gcfv2","labels":{},"httpsTrigger":{},"entryPoint":"helloWorld"},"getGeminiData":{"availableMemoryMb":null,"timeoutSeconds":null,"minInstances":null,"maxInstances":null,"ingressSettings":null,"concurrency":null,"serviceAccountEmail":null,"vpc":null,"platform":"gcfv2","labels":{},"httpsTrigger":{},"entryPoint":"getGeminiData"},"generateResponse":{"availableMemoryMb":null,"timeoutSeconds":null,"minInstances":null,"maxInstances":null,"ingressSettings":null,"concurrency":null,"serviceAccountEmail":null,"vpc":null,"platform":"gcfv2","labels":{},"httpsTrigger":{},"entryPoint":"generateResponse"}},"specVersion":"v1alpha1","requiredAPIs":[],"extensions":{}}
[info] +  functions: Loaded functions definitions from source: helloWorld, getGeminiData, generateResponse. {"metadata":{"emulator":{"name":"functions"},"message":"Loaded functions definitions from source: helloWorld, getGeminiData, generateResponse."}}
[debug] [2025-06-14T11:23:30.250Z] File C:\Users\Windows\Desktop\Backup\BackupWeatherApp\functions\index.js changed, reloading triggers {"metadata":{"emulator":{"name":"functions"},"message":"File C:\\Users\\Windows\\Desktop\\Backup\\BackupWeatherApp\\functions\\index.js changed, reloading triggers"}}
[debug] [2025-06-14T11:23:31.263Z] Validating nodejs source
[debug] [2025-06-14T11:23:32.114Z] > [functions] package.json contents: {
  "name": "functions",
  "description": "Cloud Functions for Firebase",
  "scripts": {
    "serve": "firebase emulators:start --only functions",
    "shell": "firebase functions:shell",
    "start": "npm run shell",
    "deploy": "firebase deploy --only functions",
    "logs": "firebase functions:log"
  },
  "engines": {
    "node": "22"
  },
  "main": "index.js",
  "dependencies": {
    "axios": "^1.9.0",
    "firebase-admin": "^12.6.0",
    "firebase-functions": "^6.0.1"
  },
  "devDependencies": {
    "firebase-functions-test": "^3.1.0"
  },
  "private": true
}
[debug] [2025-06-14T11:23:32.114Z] Building nodejs source
[debug] [2025-06-14T11:23:32.114Z] Failed to find version of module node: reached end of search path C:\Users\Windows\Desktop\Backup\BackupWeatherApp\functions\node_modules
[info] +  functions: Using node@22 from host. 
[debug] [2025-06-14T11:23:32.115Z] Could not find functions.yaml. Must use http discovery
[debug] [2025-06-14T11:23:32.119Z] Found firebase-functions binary at 'C:\Users\Windows\Desktop\Backup\BackupWeatherApp\functions\node_modules\.bin\firebase-functions'
[info] Serving at port 8018

[debug] [2025-06-14T11:23:32.848Z] Got response from /__/functions.yaml {"endpoints":{"helloWorld":{"availableMemoryMb":null,"timeoutSeconds":null,"minInstances":null,"maxInstances":null,"ingressSettings":null,"concurrency":null,"serviceAccountEmail":null,"vpc":null,"platform":"gcfv2","labels":{},"httpsTrigger":{},"entryPoint":"helloWorld"},"getGeminiData":{"availableMemoryMb":null,"timeoutSeconds":null,"minInstances":null,"maxInstances":null,"ingressSettings":null,"concurrency":null,"serviceAccountEmail":null,"vpc":null,"platform":"gcfv2","labels":{},"httpsTrigger":{},"entryPoint":"getGeminiData"},"generateResponse":{"availableMemoryMb":null,"timeoutSeconds":null,"minInstances":null,"maxInstances":null,"ingressSettings":null,"concurrency":null,"serviceAccountEmail":null,"vpc":null,"platform":"gcfv2","labels":{},"httpsTrigger":{},"entryPoint":"generateResponse"}},"specVersion":"v1alpha1","requiredAPIs":[],"extensions":{}}
[info] +  functions: Loaded functions definitions from source: helloWorld, getGeminiData, generateResponse. {"metadata":{"emulator":{"name":"functions"},"message":"Loaded functions definitions from source: helloWorld, getGeminiData, generateResponse."}}
[debug] [2025-06-14T11:23:42.400Z] File C:\Users\Windows\Desktop\Backup\BackupWeatherApp\functions\index.js changed, reloading triggers {"metadata":{"emulator":{"name":"functions"},"message":"File C:\\Users\\Windows\\Desktop\\Backup\\BackupWeatherApp\\functions\\index.js changed, reloading triggers"}}
[debug] [2025-06-14T11:23:43.404Z] Validating nodejs source
[debug] [2025-06-14T11:23:44.396Z] > [functions] package.json contents: {
  "name": "functions",
  "description": "Cloud Functions for Firebase",
  "scripts": {
    "serve": "firebase emulators:start --only functions",
    "shell": "firebase functions:shell",
    "start": "npm run shell",
    "deploy": "firebase deploy --only functions",
    "logs": "firebase functions:log"
  },
  "engines": {
    "node": "22"
  },
  "main": "index.js",
  "dependencies": {
    "axios": "^1.9.0",
    "firebase-admin": "^12.6.0",
    "firebase-functions": "^6.0.1"
  },
  "devDependencies": {
    "firebase-functions-test": "^3.1.0"
  },
  "private": true
}
[debug] [2025-06-14T11:23:44.396Z] Building nodejs source
[debug] [2025-06-14T11:23:44.396Z] Failed to find version of module node: reached end of search path C:\Users\Windows\Desktop\Backup\BackupWeatherApp\functions\node_modules
[info] +  functions: Using node@22 from host. 
[debug] [2025-06-14T11:23:44.397Z] Could not find functions.yaml. Must use http discovery
[debug] [2025-06-14T11:23:44.403Z] Found firebase-functions binary at 'C:\Users\Windows\Desktop\Backup\BackupWeatherApp\functions\node_modules\.bin\firebase-functions'
[info] Serving at port 8071

[debug] [2025-06-14T11:23:45.230Z] Got response from /__/functions.yaml {"endpoints":{"helloWorld":{"availableMemoryMb":null,"timeoutSeconds":null,"minInstances":null,"maxInstances":null,"ingressSettings":null,"concurrency":null,"serviceAccountEmail":null,"vpc":null,"platform":"gcfv2","labels":{},"httpsTrigger":{},"entryPoint":"helloWorld"},"getGeminiData":{"availableMemoryMb":null,"timeoutSeconds":null,"minInstances":null,"maxInstances":null,"ingressSettings":null,"concurrency":null,"serviceAccountEmail":null,"vpc":null,"platform":"gcfv2","labels":{},"httpsTrigger":{},"entryPoint":"getGeminiData"},"generateResponse":{"availableMemoryMb":null,"timeoutSeconds":null,"minInstances":null,"maxInstances":null,"ingressSettings":null,"concurrency":null,"serviceAccountEmail":null,"vpc":null,"platform":"gcfv2","labels":{},"httpsTrigger":{},"entryPoint":"generateResponse"}},"specVersion":"v1alpha1","requiredAPIs":[],"extensions":{}}
[info] +  functions: Loaded functions definitions from source: helloWorld, getGeminiData, generateResponse. {"metadata":{"emulator":{"name":"functions"},"message":"Loaded functions definitions from source: helloWorld, getGeminiData, generateResponse."}}
[debug] [2025-06-14T11:29:27.657Z] File C:\Users\Windows\Desktop\Backup\BackupWeatherApp\functions\package.json changed, reloading triggers {"metadata":{"emulator":{"name":"functions"},"message":"File C:\\Users\\Windows\\Desktop\\Backup\\BackupWeatherApp\\functions\\package.json changed, reloading triggers"}}
[debug] [2025-06-14T11:29:27.804Z] File C:\Users\Windows\Desktop\Backup\BackupWeatherApp\functions\package-lock.json changed, reloading triggers {"metadata":{"emulator":{"name":"functions"},"message":"File C:\\Users\\Windows\\Desktop\\Backup\\BackupWeatherApp\\functions\\package-lock.json changed, reloading triggers"}}
[debug] [2025-06-14T11:29:28.819Z] Validating nodejs source
[debug] [2025-06-14T11:29:29.657Z] > [functions] package.json contents: {
  "name": "functions",
  "description": "Cloud Functions for Firebase",
  "scripts": {
    "serve": "firebase emulators:start --only functions",
    "shell": "firebase functions:shell",
    "start": "npm run shell",
    "deploy": "firebase deploy --only functions",
    "logs": "firebase functions:log"
  },
  "engines": {
    "node": "22"
  },
  "main": "index.js",
  "dependencies": {
    "axios": "^1.9.0",
    "cor": "^0.0.0",
    "firebase-admin": "^12.6.0",
    "firebase-functions": "^6.0.1"
  },
  "devDependencies": {
    "firebase-functions-test": "^3.1.0"
  },
  "private": true
}
[debug] [2025-06-14T11:29:29.657Z] Building nodejs source
[debug] [2025-06-14T11:29:29.657Z] Failed to find version of module node: reached end of search path C:\Users\Windows\Desktop\Backup\BackupWeatherApp\functions\node_modules
[info] +  functions: Using node@22 from host. 
[debug] [2025-06-14T11:29:29.658Z] Could not find functions.yaml. Must use http discovery
[debug] [2025-06-14T11:29:29.663Z] Found firebase-functions binary at 'C:\Users\Windows\Desktop\Backup\BackupWeatherApp\functions\node_modules\.bin\firebase-functions'
[info] Serving at port 8706

[debug] [2025-06-14T11:29:30.333Z] Got response from /__/functions.yaml {"endpoints":{"helloWorld":{"availableMemoryMb":null,"timeoutSeconds":null,"minInstances":null,"maxInstances":null,"ingressSettings":null,"concurrency":null,"serviceAccountEmail":null,"vpc":null,"platform":"gcfv2","labels":{},"httpsTrigger":{},"entryPoint":"helloWorld"},"getGeminiData":{"availableMemoryMb":null,"timeoutSeconds":null,"minInstances":null,"maxInstances":null,"ingressSettings":null,"concurrency":null,"serviceAccountEmail":null,"vpc":null,"platform":"gcfv2","labels":{},"httpsTrigger":{},"entryPoint":"getGeminiData"},"generateResponse":{"availableMemoryMb":null,"timeoutSeconds":null,"minInstances":null,"maxInstances":null,"ingressSettings":null,"concurrency":null,"serviceAccountEmail":null,"vpc":null,"platform":"gcfv2","labels":{},"httpsTrigger":{},"entryPoint":"generateResponse"}},"specVersion":"v1alpha1","requiredAPIs":[],"extensions":{}}
[info] +  functions: Loaded functions definitions from source: helloWorld, getGeminiData, generateResponse. {"metadata":{"emulator":{"name":"functions"},"message":"Loaded functions definitions from source: helloWorld, getGeminiData, generateResponse."}}
[debug] [2025-06-14T11:33:51.197Z] File C:\Users\Windows\Desktop\Backup\BackupWeatherApp\functions\index.js changed, reloading triggers {"metadata":{"emulator":{"name":"functions"},"message":"File C:\\Users\\Windows\\Desktop\\Backup\\BackupWeatherApp\\functions\\index.js changed, reloading triggers"}}
[debug] [2025-06-14T11:33:52.203Z] Validating nodejs source
[debug] [2025-06-14T11:33:53.098Z] > [functions] package.json contents: {
  "name": "functions",
  "description": "Cloud Functions for Firebase",
  "scripts": {
    "serve": "firebase emulators:start --only functions",
    "shell": "firebase functions:shell",
    "start": "npm run shell",
    "deploy": "firebase deploy --only functions",
    "logs": "firebase functions:log"
  },
  "engines": {
    "node": "22"
  },
  "main": "index.js",
  "dependencies": {
    "axios": "^1.9.0",
    "cor": "^0.0.0",
    "firebase-admin": "^12.6.0",
    "firebase-functions": "^6.0.1"
  },
  "devDependencies": {
    "firebase-functions-test": "^3.1.0"
  },
  "private": true
}
[debug] [2025-06-14T11:33:53.098Z] Building nodejs source
[debug] [2025-06-14T11:33:53.098Z] Failed to find version of module node: reached end of search path C:\Users\Windows\Desktop\Backup\BackupWeatherApp\functions\node_modules
[info] +  functions: Using node@22 from host. 
[debug] [2025-06-14T11:33:53.100Z] Could not find functions.yaml. Must use http discovery
[debug] [2025-06-14T11:33:53.105Z] Found firebase-functions binary at 'C:\Users\Windows\Desktop\Backup\BackupWeatherApp\functions\node_modules\.bin\firebase-functions'
[info] Serving at port 8352

[debug] [2025-06-14T11:33:53.765Z] Got response from /__/functions.yaml {"endpoints":{"getGeminiData":{"availableMemoryMb":null,"timeoutSeconds":null,"minInstances":null,"maxInstances":null,"ingressSettings":null,"concurrency":null,"serviceAccountEmail":null,"vpc":null,"platform":"gcfv2","labels":{},"httpsTrigger":{},"entryPoint":"getGeminiData"},"generateResponse":{"availableMemoryMb":null,"timeoutSeconds":null,"minInstances":null,"maxInstances":null,"ingressSettings":null,"concurrency":null,"serviceAccountEmail":null,"vpc":null,"platform":"gcfv2","labels":{},"httpsTrigger":{},"entryPoint":"generateResponse"}},"specVersion":"v1alpha1","requiredAPIs":[],"extensions":{}}
[info] +  functions: Loaded functions definitions from source: getGeminiData, generateResponse. {"metadata":{"emulator":{"name":"functions"},"message":"Loaded functions definitions from source: getGeminiData, generateResponse."}}
[debug] [2025-06-14T11:37:47.563Z] Functions emulator received unknown request at path /
[debug] [2025-06-14T11:37:47.925Z] Functions emulator received unknown request at path /favicon.ico
[debug] [2025-06-14T11:38:33.345Z] Functions emulator received unknown request at path /genrateResponse
[debug] [2025-06-14T11:38:45.003Z] Functions emulator received unknown request at path /
[debug] [2025-06-14T11:39:22.896Z] Functions emulator received unknown request at path /
[debug] [2025-06-14T11:40:08.082Z] Functions emulator received unknown request at path /
[debug] [2025-06-14T11:44:07.215Z] File C:\Users\Windows\Desktop\Backup\BackupWeatherApp\functions\index.js changed, reloading triggers {"metadata":{"emulator":{"name":"functions"},"message":"File C:\\Users\\Windows\\Desktop\\Backup\\BackupWeatherApp\\functions\\index.js changed, reloading triggers"}}
[debug] [2025-06-14T11:44:08.218Z] Validating nodejs source
[debug] [2025-06-14T11:44:09.250Z] > [functions] package.json contents: {
  "name": "functions",
  "description": "Cloud Functions for Firebase",
  "scripts": {
    "serve": "firebase emulators:start --only functions",
    "shell": "firebase functions:shell",
    "start": "npm run shell",
    "deploy": "firebase deploy --only functions",
    "logs": "firebase functions:log"
  },
  "engines": {
    "node": "22"
  },
  "main": "index.js",
  "dependencies": {
    "axios": "^1.9.0",
    "cor": "^0.0.0",
    "firebase-admin": "^12.6.0",
    "firebase-functions": "^6.0.1"
  },
  "devDependencies": {
    "firebase-functions-test": "^3.1.0"
  },
  "private": true
}
[debug] [2025-06-14T11:44:09.250Z] Building nodejs source
[debug] [2025-06-14T11:44:09.250Z] Failed to find version of module node: reached end of search path C:\Users\Windows\Desktop\Backup\BackupWeatherApp\functions\node_modules
[info] +  functions: Using node@22 from host. 
[debug] [2025-06-14T11:44:09.251Z] Could not find functions.yaml. Must use http discovery
[debug] [2025-06-14T11:44:09.256Z] Found firebase-functions binary at 'C:\Users\Windows\Desktop\Backup\BackupWeatherApp\functions\node_modules\.bin\firebase-functions'
[info] Serving at port 8355

[error] Error: Cannot find module './keys'
Require stack:
- C:\Users\Windows\Desktop\Backup\BackupWeatherApp\functions\index.js
- C:\Users\Windows\Desktop\Backup\BackupWeatherApp\functions\node_modules\firebase-functions\lib\runtime\loader.js
- C:\Users\Windows\Desktop\Backup\BackupWeatherApp\functions\node_modules\firebase-functions\lib\bin\firebase-functions.js
    at Function._resolveFilename (node:internal/modules/cjs/loader:1401:15)
    at defaultResolveImpl (node:internal/modules/cjs/loader:1057:19)
    at resolveForCJSWithHooks (node:internal/modules/cjs/loader:1062:22)
    at Function._load (node:internal/modules/cjs/loader:1211:37)
    at TracingChannel.traceSync (node:diagnostics_channel:322:14)
    at wrapModuleLoad (node:internal/modules/cjs/loader:235:24)
    at Module.require (node:internal/modules/cjs/loader:1487:12)
    at require (node:internal/modules/helpers:135:16)
    at Object.<anonymous> (C:\Users\Windows\Desktop\Backup\BackupWeatherApp\functions\index.js:4:36)
    at Module._compile (node:internal/modules/cjs/loader:1730:14) {
  code: 'MODULE_NOT_FOUND',
  requireStack: [
    'C:\\Users\\Windows\\Desktop\\Backup\\BackupWeatherApp\\functions\\index.js',
    'C:\\Users\\Windows\\Desktop\\Backup\\BackupWeatherApp\\functions\\node_modules\\firebase-functions\\lib\\runtime\\loader.js',
    'C:\\Users\\Windows\\Desktop\\Backup\\BackupWeatherApp\\functions\\node_modules\\firebase-functions\\lib\\bin\\firebase-functions.js'
  ]
}

[debug] [2025-06-14T11:44:09.950Z] Got response code 400; body Failed to generate manifest from function source: Error: Cannot find module './keys'
Require stack:
- C:\Users\Windows\Desktop\Backup\BackupWeatherApp\functions\index.js
- C:\Users\Windows\Desktop\Backup\BackupWeatherApp\functions\node_modules\firebase-functions\lib\runtime\loader.js
- C:\Users\Windows\Desktop\Backup\BackupWeatherApp\functions\node_modules\firebase-functions\lib\bin\firebase-functions.js
[error] !!  functions: Failed to load function definition from source: FirebaseError: Functions codebase could not be analyzed successfully. It may have a syntax or runtime error {"metadata":{"emulator":{"name":"functions"},"message":"Failed to load function definition from source: FirebaseError: Functions codebase could not be analyzed successfully. It may have a syntax or runtime error"}}
[debug] [2025-06-14T11:50:50.522Z] File C:\Users\Windows\Desktop\Backup\BackupWeatherApp\functions\index.js changed, reloading triggers {"metadata":{"emulator":{"name":"functions"},"message":"File C:\\Users\\Windows\\Desktop\\Backup\\BackupWeatherApp\\functions\\index.js changed, reloading triggers"}}
[debug] [2025-06-14T11:50:51.526Z] Validating nodejs source
[debug] [2025-06-14T11:50:52.614Z] > [functions] package.json contents: {
  "name": "functions",
  "description": "Cloud Functions for Firebase",
  "scripts": {
    "serve": "firebase emulators:start --only functions",
    "shell": "firebase functions:shell",
    "start": "npm run shell",
    "deploy": "firebase deploy --only functions",
    "logs": "firebase functions:log"
  },
  "engines": {
    "node": "22"
  },
  "main": "index.js",
  "dependencies": {
    "axios": "^1.9.0",
    "cor": "^0.0.0",
    "firebase-admin": "^12.6.0",
    "firebase-functions": "^6.0.1"
  },
  "devDependencies": {
    "firebase-functions-test": "^3.1.0"
  },
  "private": true
}
[debug] [2025-06-14T11:50:52.615Z] Building nodejs source
[debug] [2025-06-14T11:50:52.615Z] Failed to find version of module node: reached end of search path C:\Users\Windows\Desktop\Backup\BackupWeatherApp\functions\node_modules
[info] +  functions: Using node@22 from host. 
[info] i  functions: Loaded environment variables from .env. 
[debug] [2025-06-14T11:50:52.620Z] Could not find functions.yaml. Must use http discovery
[debug] [2025-06-14T11:50:52.626Z] Found firebase-functions binary at 'C:\Users\Windows\Desktop\Backup\BackupWeatherApp\functions\node_modules\.bin\firebase-functions'
[info] Serving at port 8769

[debug] [2025-06-14T11:50:53.365Z] Got response from /__/functions.yaml {"endpoints":{"helloWorld":{"availableMemoryMb":null,"timeoutSeconds":null,"minInstances":null,"maxInstances":null,"ingressSettings":null,"concurrency":null,"serviceAccountEmail":null,"vpc":null,"platform":"gcfv2","labels":{},"httpsTrigger":{},"entryPoint":"helloWorld"},"getGeminiData":{"availableMemoryMb":null,"timeoutSeconds":null,"minInstances":null,"maxInstances":null,"ingressSettings":null,"concurrency":null,"serviceAccountEmail":null,"vpc":null,"platform":"gcfv2","labels":{},"httpsTrigger":{},"entryPoint":"getGeminiData"},"generateResponse":{"availableMemoryMb":null,"timeoutSeconds":null,"minInstances":null,"maxInstances":null,"ingressSettings":null,"concurrency":null,"serviceAccountEmail":null,"vpc":null,"platform":"gcfv2","labels":{},"httpsTrigger":{},"entryPoint":"generateResponse"}},"specVersion":"v1alpha1","requiredAPIs":[],"extensions":{}}
[info] +  functions: Loaded functions definitions from source: helloWorld, getGeminiData, generateResponse. {"metadata":{"emulator":{"name":"functions"},"message":"Loaded functions definitions from source: helloWorld, getGeminiData, generateResponse."}}
[debug] [2025-06-14T11:59:21.219Z] File C:\Users\Windows\Desktop\Backup\BackupWeatherApp\functions\index.js changed, reloading triggers {"metadata":{"emulator":{"name":"functions"},"message":"File C:\\Users\\Windows\\Desktop\\Backup\\BackupWeatherApp\\functions\\index.js changed, reloading triggers"}}
[debug] [2025-06-14T11:59:22.228Z] Validating nodejs source
[debug] [2025-06-14T11:59:23.257Z] > [functions] package.json contents: {
  "name": "functions",
  "description": "Cloud Functions for Firebase",
  "scripts": {
    "serve": "firebase emulators:start --only functions",
    "shell": "firebase functions:shell",
    "start": "npm run shell",
    "deploy": "firebase deploy --only functions",
    "logs": "firebase functions:log"
  },
  "engines": {
    "node": "22"
  },
  "main": "index.js",
  "dependencies": {
    "axios": "^1.9.0",
    "cor": "^0.0.0",
    "firebase-admin": "^12.6.0",
    "firebase-functions": "^6.0.1"
  },
  "devDependencies": {
    "firebase-functions-test": "^3.1.0"
  },
  "private": true
}
[debug] [2025-06-14T11:59:23.257Z] Building nodejs source
[debug] [2025-06-14T11:59:23.257Z] Failed to find version of module node: reached end of search path C:\Users\Windows\Desktop\Backup\BackupWeatherApp\functions\node_modules
[info] +  functions: Using node@22 from host. 
[info] i  functions: Loaded environment variables from .env. 
[debug] [2025-06-14T11:59:23.259Z] Could not find functions.yaml. Must use http discovery
[debug] [2025-06-14T11:59:23.264Z] Found firebase-functions binary at 'C:\Users\Windows\Desktop\Backup\BackupWeatherApp\functions\node_modules\.bin\firebase-functions'
[info] Serving at port 8053

[debug] [2025-06-14T11:59:24.001Z] Got response from /__/functions.yaml {"endpoints":{"helloWorld":{"availableMemoryMb":null,"timeoutSeconds":null,"minInstances":null,"maxInstances":null,"ingressSettings":null,"concurrency":null,"serviceAccountEmail":null,"vpc":null,"platform":"gcfv2","labels":{},"httpsTrigger":{},"entryPoint":"helloWorld"},"getGeminiData":{"availableMemoryMb":null,"timeoutSeconds":null,"minInstances":null,"maxInstances":null,"ingressSettings":null,"concurrency":null,"serviceAccountEmail":null,"vpc":null,"platform":"gcfv2","labels":{},"httpsTrigger":{},"entryPoint":"getGeminiData"},"getWeatherData":{"availableMemoryMb":null,"timeoutSeconds":null,"minInstances":null,"maxInstances":null,"ingressSettings":null,"concurrency":null,"serviceAccountEmail":null,"vpc":null,"platform":"gcfv2","labels":{},"httpsTrigger":{},"entryPoint":"getWeatherData"},"generateResponse":{"availableMemoryMb":null,"timeoutSeconds":null,"minInstances":null,"maxInstances":null,"ingressSettings":null,"concurrency":null,"serviceAccountEmail":null,"vpc":null,"platform":"gcfv2","labels":{},"httpsTrigger":{},"entryPoint":"generateResponse"}},"specVersion":"v1alpha1","requiredAPIs":[],"extensions":{}}
[info] +  functions: Loaded functions definitions from source: helloWorld, getGeminiData, getWeatherData, generateResponse. {"metadata":{"emulator":{"name":"functions"},"message":"Loaded functions definitions from source: helloWorld, getGeminiData, getWeatherData, generateResponse."}}
[info] +  functions[us-central1-getWeatherData]: http function initialized (http://127.0.0.1:5001/ai-weather-app-f69fc/us-central1/getWeatherData). {"metadata":{"emulator":{"name":"functions"},"message":"\u001b[1mhttp\u001b[22m function initialized (http://127.0.0.1:5001/ai-weather-app-f69fc/us-central1/getWeatherData)."}}
[debug] [2025-06-14T12:00:58.289Z] File C:\Users\Windows\Desktop\Backup\BackupWeatherApp\functions\index.js changed, reloading triggers {"metadata":{"emulator":{"name":"functions"},"message":"File C:\\Users\\Windows\\Desktop\\Backup\\BackupWeatherApp\\functions\\index.js changed, reloading triggers"}}
[debug] [2025-06-14T12:00:59.295Z] Validating nodejs source
[debug] [2025-06-14T12:01:00.436Z] > [functions] package.json contents: {
  "name": "functions",
  "description": "Cloud Functions for Firebase",
  "scripts": {
    "serve": "firebase emulators:start --only functions",
    "shell": "firebase functions:shell",
    "start": "npm run shell",
    "deploy": "firebase deploy --only functions",
    "logs": "firebase functions:log"
  },
  "engines": {
    "node": "22"
  },
  "main": "index.js",
  "dependencies": {
    "axios": "^1.9.0",
    "cor": "^0.0.0",
    "firebase-admin": "^12.6.0",
    "firebase-functions": "^6.0.1"
  },
  "devDependencies": {
    "firebase-functions-test": "^3.1.0"
  },
  "private": true
}
[debug] [2025-06-14T12:01:00.436Z] Building nodejs source
[debug] [2025-06-14T12:01:00.436Z] Failed to find version of module node: reached end of search path C:\Users\Windows\Desktop\Backup\BackupWeatherApp\functions\node_modules
[info] +  functions: Using node@22 from host. 
[info] i  functions: Loaded environment variables from .env. 
[debug] [2025-06-14T12:01:00.438Z] Could not find functions.yaml. Must use http discovery
[debug] [2025-06-14T12:01:00.443Z] Found firebase-functions binary at 'C:\Users\Windows\Desktop\Backup\BackupWeatherApp\functions\node_modules\.bin\firebase-functions'
[info] Serving at port 8983

[debug] [2025-06-14T12:01:01.178Z] Got response from /__/functions.yaml {"endpoints":{"helloWorld":{"availableMemoryMb":null,"timeoutSeconds":null,"minInstances":null,"maxInstances":null,"ingressSettings":null,"concurrency":null,"serviceAccountEmail":null,"vpc":null,"platform":"gcfv2","labels":{},"httpsTrigger":{},"entryPoint":"helloWorld"},"getGeminiData":{"availableMemoryMb":null,"timeoutSeconds":null,"minInstances":null,"maxInstances":null,"ingressSettings":null,"concurrency":null,"serviceAccountEmail":null,"vpc":null,"platform":"gcfv2","labels":{},"httpsTrigger":{},"entryPoint":"getGeminiData"},"generateResponse":{"availableMemoryMb":null,"timeoutSeconds":null,"minInstances":null,"maxInstances":null,"ingressSettings":null,"concurrency":null,"serviceAccountEmail":null,"vpc":null,"platform":"gcfv2","labels":{},"httpsTrigger":{},"entryPoint":"generateResponse"}},"specVersion":"v1alpha1","requiredAPIs":[],"extensions":{}}
[info] +  functions: Loaded functions definitions from source: helloWorld, getGeminiData, generateResponse. {"metadata":{"emulator":{"name":"functions"},"message":"Loaded functions definitions from source: helloWorld, getGeminiData, generateResponse."}}
